[2025-11-23T19:50:37.970Z] GET /api/auth/me
[2025-11-23T19:50:38.287Z] GET /api/auth/me
[2025-11-23T19:50:38.502Z] GET /api/auth/me
[2025-11-23T19:50:38.753Z] GET /api/auth/me
[2025-11-23T19:50:39.035Z] GET /api/auth/me
[2025-11-23T19:50:39.367Z] GET /api/auth/me
[2025-11-23T19:50:39.730Z] GET /api/auth/me
[2025-11-23T19:50:40.165Z] GET /api/auth/me
[2025-11-23T19:50:40.624Z] GET /api/auth/me
[2025-11-23T19:50:41.073Z] GET /api/auth/me
[2025-11-23T19:50:41.577Z] GET /api/auth/me
[2025-11-23T19:50:42.111Z] GET /api/auth/me
[2025-11-23T19:50:42.711Z] GET /api/auth/me
[2025-11-23T19:50:43.331Z] GET /api/auth/me
[2025-11-23T19:50:44.018Z] GET /api/auth/me
[2025-11-23T19:50:44.775Z] GET /api/auth/me
[2025-11-23T19:50:45.535Z] GET /api/auth/me
[2025-11-23T19:50:46.350Z] GET /api/auth/me
[2025-11-23T19:50:47.205Z] GET /api/auth/me
[2025-11-23T19:50:48.118Z] GET /api/auth/me
[2025-11-23T19:50:49.053Z] GET /api/auth/me
[2025-11-23T19:50:50.302Z] GET /api/auth/me
[2025-11-23T19:50:52.024Z] GET /api/auth/me
[2025-11-23T19:50:53.214Z] GET /api/auth/me
[2025-11-23T19:50:54.520Z] GET /api/auth/me
[2025-11-23T19:50:55.746Z] GET /api/auth/me
[2025-11-23T19:50:57.123Z] GET /api/auth/me
[2025-11-23T19:50:58.403Z] GET /api/auth/me
[2025-11-23T19:50:59.776Z] GET /api/auth/me
[2025-11-23T19:51:01.243Z] GET /api/auth/me
[2025-11-23T19:51:02.930Z] GET /api/auth/me
[2025-11-23T19:51:03.365Z] GET /api/auth/me
[2025-11-23T19:51:03.723Z] GET /api/auth/me
[2025-11-23T19:51:04.237Z] GET /api/auth/me
[2025-11-23T19:51:11.875Z] GET /api/settings
[2025-11-23T19:51:11.877Z] GET /api/settings
[2025-11-23T19:55:53.858Z] GET /api/settings
[2025-11-23T19:55:53.864Z] GET /api/settings
[2025-11-23T19:55:55.749Z] GET /api/settings
[2025-11-23T19:55:55.751Z] GET /api/settings
[2025-11-23T19:55:56.201Z] GET /api/settings
[2025-11-23T19:55:56.205Z] GET /api/settings
[2025-11-23T19:55:56.700Z] GET /api/settings
[2025-11-23T19:55:56.702Z] GET /api/settings
[2025-11-23T19:55:57.332Z] GET /api/settings
[2025-11-23T19:55:57.334Z] GET /api/settings
[2025-11-23T19:55:58.065Z] GET /api/settings
[2025-11-23T19:55:58.067Z] GET /api/settings
[2025-11-23T19:55:58.837Z] GET /api/settings
[2025-11-23T19:55:58.839Z] GET /api/settings
[2025-11-23T19:55:59.724Z] GET /api/settings
[2025-11-23T19:55:59.726Z] GET /api/settings
[2025-11-23T19:56:00.730Z] GET /api/settings
[2025-11-23T19:56:00.732Z] GET /api/settings
[2025-11-23T19:56:01.758Z] GET /api/settings
[2025-11-23T19:56:01.760Z] GET /api/settings
[2025-11-23T19:56:03.116Z] GET /api/settings
[2025-11-23T19:56:03.118Z] GET /api/settings
[2025-11-23T19:56:04.237Z] GET /api/settings
[2025-11-23T19:56:04.239Z] GET /api/settings
[2025-11-23T19:56:05.480Z] GET /api/settings
[2025-11-23T19:56:05.482Z] GET /api/settings
[2025-11-23T19:56:06.584Z] GET /api/settings
[2025-11-23T19:56:06.586Z] GET /api/settings
[2025-11-23T19:56:07.858Z] GET /api/settings
[2025-11-23T19:56:07.860Z] GET /api/settings
[2025-11-23T19:56:09.260Z] GET /api/settings
[2025-11-23T19:56:09.262Z] GET /api/settings
[2025-11-23T19:56:10.712Z] GET /api/settings
[2025-11-23T19:56:10.714Z] GET /api/settings
[2025-11-23T19:56:11.256Z] GET /api/settings
[2025-11-23T19:56:11.258Z] GET /api/settings
[2025-11-23T19:56:11.734Z] GET /api/settings
[2025-11-23T19:56:11.736Z] GET /api/settings
[2025-11-23T19:56:12.148Z] GET /api/settings
[2025-11-23T19:56:12.150Z] GET /api/settings
[2025-11-23T19:56:12.517Z] GET /api/settings
[2025-11-23T19:56:12.520Z] GET /api/settings
[2025-11-23T19:56:12.940Z] GET /api/settings
[2025-11-23T19:56:12.942Z] GET /api/settings
[2025-11-23T19:56:13.349Z] GET /api/settings
[2025-11-23T19:56:13.351Z] GET /api/settings
[2025-11-23T19:56:13.797Z] GET /api/settings
[2025-11-23T19:56:13.799Z] GET /api/settings
[2025-11-23T19:56:14.257Z] GET /api/settings
[2025-11-23T19:56:14.259Z] GET /api/settings
[2025-11-23T19:56:14.725Z] GET /api/settings
[2025-11-23T19:56:14.727Z] GET /api/settings
[2025-11-23T19:56:15.166Z] GET /api/settings
[2025-11-23T19:56:15.168Z] GET /api/settings
[2025-11-23T19:56:15.607Z] GET /api/settings
[2025-11-23T19:56:15.608Z] GET /api/settings
[2025-11-23T19:56:16.072Z] GET /api/settings
[2025-11-23T19:56:16.074Z] GET /api/settings
[2025-11-23T19:56:16.520Z] GET /api/settings
[2025-11-23T19:56:16.522Z] GET /api/settings
[2025-11-23T19:56:16.878Z] GET /api/settings
[2025-11-23T19:56:16.880Z] GET /api/settings
[2025-11-23T19:56:17.249Z] GET /api/settings
[2025-11-23T19:56:17.251Z] GET /api/settings
[2025-11-23T19:56:17.598Z] GET /api/settings
[2025-11-23T19:56:17.599Z] GET /api/settings
[2025-11-23T19:56:17.980Z] GET /api/settings
[2025-11-23T19:56:17.982Z] GET /api/settings
[2025-11-23T19:56:18.453Z] GET /api/settings
[2025-11-23T19:56:18.459Z] GET /api/settings
[2025-11-23T19:56:18.784Z] GET /api/settings
[2025-11-23T19:56:18.786Z] GET /api/settings
[2025-11-23T19:56:19.102Z] GET /api/settings
[2025-11-23T19:56:19.104Z] GET /api/settings
[2025-11-23T19:56:19.584Z] GET /api/settings
[2025-11-23T19:56:19.586Z] GET /api/settings
[2025-11-23T19:56:19.934Z] GET /api/settings
[2025-11-23T19:56:19.936Z] GET /api/settings
[2025-11-23T19:56:20.264Z] GET /api/settings
[2025-11-23T19:56:20.265Z] GET /api/settings
[2025-11-23T19:56:20.600Z] GET /api/settings
[2025-11-23T19:56:20.602Z] GET /api/settings
[2025-11-23T19:56:20.961Z] GET /api/settings
[2025-11-23T19:56:20.963Z] GET /api/settings
[2025-11-23T19:56:21.314Z] GET /api/settings
[2025-11-23T19:56:21.316Z] GET /api/settings
[2025-11-23T19:56:21.657Z] GET /api/settings
[2025-11-23T19:56:21.659Z] GET /api/settings
[2025-11-23T19:56:21.953Z] GET /api/settings
[2025-11-23T19:56:21.955Z] GET /api/settings
[2025-11-23T19:56:22.308Z] GET /api/settings
[2025-11-23T19:56:22.310Z] GET /api/settings
[2025-11-23T19:56:22.678Z] GET /api/settings
[2025-11-23T19:56:22.679Z] GET /api/settings
[2025-11-23T19:56:23.142Z] GET /api/settings
[2025-11-23T19:56:23.145Z] GET /api/settings
[2025-11-23T19:56:23.563Z] GET /api/settings
[2025-11-23T19:56:23.565Z] GET /api/settings
[2025-11-23T19:56:23.988Z] GET /api/settings
[2025-11-23T19:56:23.990Z] GET /api/settings
[2025-11-23T19:56:24.465Z] GET /api/settings
[2025-11-23T19:56:24.467Z] GET /api/settings
[2025-11-23T19:56:24.926Z] GET /api/settings
[2025-11-23T19:56:24.928Z] GET /api/settings
[2025-11-23T19:56:26.772Z] GET /api/settings
[2025-11-23T19:56:26.774Z] GET /api/settings
[2025-11-23T19:56:28.802Z] GET /api/settings
[2025-11-23T19:56:28.804Z] GET /api/settings
[2025-11-23T19:56:30.939Z] GET /api/settings
[2025-11-23T19:56:30.941Z] GET /api/settings
[2025-11-23T19:56:33.295Z] GET /api/settings
[2025-11-23T19:56:33.297Z] GET /api/settings
[2025-11-23T19:56:35.868Z] GET /api/settings
[2025-11-23T19:56:35.870Z] GET /api/settings
[2025-11-23T19:56:38.680Z] GET /api/settings
[2025-11-23T19:56:38.682Z] GET /api/settings
[2025-11-23T19:56:41.630Z] GET /api/settings
[2025-11-23T19:56:41.632Z] GET /api/settings
[2025-11-23T19:56:44.669Z] GET /api/settings
[2025-11-23T19:56:44.671Z] GET /api/settings
[2025-11-23T19:56:48.014Z] GET /api/settings
[2025-11-23T19:56:48.017Z] GET /api/settings
[2025-11-23T19:56:51.781Z] GET /api/settings
[2025-11-23T19:56:51.783Z] GET /api/settings
[2025-11-23T19:56:56.082Z] GET /api/settings
[2025-11-23T19:56:56.086Z] GET /api/settings
[2025-11-23T19:57:00.316Z] GET /api/settings
[2025-11-23T19:57:00.318Z] GET /api/settings
[2025-11-23T19:57:04.627Z] GET /api/settings
[2025-11-23T19:57:04.630Z] GET /api/settings
[2025-11-23T19:57:09.088Z] GET /api/settings
[2025-11-23T19:57:09.090Z] GET /api/settings
[2025-11-23T19:57:14.099Z] GET /api/settings
[2025-11-23T19:57:14.101Z] GET /api/settings
[2025-11-23T19:57:19.344Z] GET /api/settings
[2025-11-23T19:57:19.346Z] GET /api/settings
[2025-11-23T19:58:17.074Z] GET /api/settings
[2025-11-23T19:58:17.080Z] GET /api/settings
[2025-11-23T19:58:17.243Z] GET /api/settings
[2025-11-23T19:58:17.248Z] GET /api/settings
[2025-11-23T19:58:17.400Z] GET /api/settings
[2025-11-23T19:58:17.402Z] GET /api/settings
[2025-11-23T19:58:17.549Z] GET /api/settings
[2025-11-23T19:58:17.552Z] GET /api/settings
[2025-11-23T19:58:17.693Z] GET /api/settings
[2025-11-23T19:58:17.697Z] GET /api/settings
[2025-11-23T19:58:17.843Z] GET /api/settings
[2025-11-23T19:58:17.847Z] GET /api/settings
[2025-11-23T19:58:17.999Z] GET /api/settings
[2025-11-23T19:58:18.003Z] GET /api/settings
[2025-11-23T19:58:18.137Z] GET /api/settings
[2025-11-23T19:58:18.141Z] GET /api/settings
[2025-11-23T19:58:18.300Z] GET /api/settings
[2025-11-23T19:58:18.303Z] GET /api/settings
[2025-11-23T19:58:18.466Z] GET /api/settings
[2025-11-23T19:58:18.469Z] GET /api/settings
[2025-11-23T19:58:18.615Z] GET /api/settings
[2025-11-23T19:58:18.618Z] GET /api/settings
[2025-11-23T19:58:18.767Z] GET /api/settings
[2025-11-23T19:58:18.771Z] GET /api/settings
[2025-11-23T19:58:18.920Z] GET /api/settings
[2025-11-23T19:58:18.923Z] GET /api/settings
[2025-11-23T19:58:19.072Z] GET /api/settings
[2025-11-23T19:58:19.077Z] GET /api/settings
[2025-11-23T19:58:19.227Z] GET /api/settings
[2025-11-23T19:58:19.234Z] GET /api/settings
[2025-11-23T19:58:19.382Z] GET /api/settings
[2025-11-23T19:58:19.385Z] GET /api/settings
[2025-11-23T19:58:19.535Z] GET /api/settings
[2025-11-23T19:58:19.537Z] GET /api/settings
[2025-11-23T19:58:19.734Z] GET /api/settings
[2025-11-23T19:58:19.737Z] GET /api/settings
[2025-11-23T19:58:19.892Z] GET /api/settings
[2025-11-23T19:58:19.895Z] GET /api/settings
[2025-11-23T19:58:20.047Z] GET /api/settings
[2025-11-23T19:58:20.050Z] GET /api/settings
[2025-11-23T19:58:20.203Z] GET /api/settings
[2025-11-23T19:58:20.204Z] GET /api/settings
[2025-11-23T19:58:20.365Z] GET /api/settings
[2025-11-23T19:58:20.368Z] GET /api/settings
[2025-11-23T19:58:20.521Z] GET /api/settings
[2025-11-23T19:58:20.526Z] GET /api/settings
[2025-11-23T19:58:20.684Z] GET /api/settings
[2025-11-23T19:58:20.686Z] GET /api/settings
[2025-11-23T19:58:20.840Z] GET /api/settings
[2025-11-23T19:58:20.842Z] GET /api/settings
[2025-11-23T19:58:21.000Z] GET /api/settings
[2025-11-23T19:58:21.006Z] GET /api/settings
[2025-11-23T19:58:21.158Z] GET /api/settings
[2025-11-23T19:58:21.160Z] GET /api/settings
[2025-11-23T19:58:21.314Z] GET /api/settings
[2025-11-23T19:58:21.316Z] GET /api/settings
[2025-11-23T19:58:21.473Z] GET /api/settings
[2025-11-23T19:58:21.475Z] GET /api/settings
[2025-11-23T19:58:21.635Z] GET /api/settings
[2025-11-23T19:58:21.638Z] GET /api/settings
[2025-11-23T19:58:21.789Z] GET /api/settings
[2025-11-23T19:58:21.793Z] GET /api/settings
[2025-11-23T19:58:21.952Z] GET /api/settings
[2025-11-23T19:58:21.954Z] GET /api/settings
[2025-11-23T19:58:22.100Z] GET /api/settings
[2025-11-23T19:58:22.103Z] GET /api/settings
[2025-11-23T19:58:22.299Z] GET /api/settings
[2025-11-23T19:58:22.301Z] GET /api/settings
[2025-11-23T19:58:22.499Z] GET /api/settings
[2025-11-23T19:58:22.509Z] GET /api/settings
[2025-11-23T19:58:22.750Z] GET /api/settings
[2025-11-23T19:58:22.753Z] GET /api/settings
[2025-11-23T19:58:22.917Z] GET /api/settings
[2025-11-23T19:58:22.920Z] GET /api/settings
[2025-11-23T19:58:23.079Z] GET /api/settings
[2025-11-23T19:58:23.088Z] GET /api/settings
[2025-11-23T19:58:23.240Z] GET /api/settings
[2025-11-23T19:58:23.244Z] GET /api/settings
[2025-11-23T19:58:23.404Z] GET /api/settings
[2025-11-23T19:58:23.406Z] GET /api/settings
[2025-11-23T19:58:23.560Z] GET /api/settings
[2025-11-23T19:58:23.562Z] GET /api/settings
[2025-11-23T19:58:23.726Z] GET /api/settings
[2025-11-23T19:58:23.733Z] GET /api/settings
[2025-11-23T19:58:23.889Z] GET /api/settings
[2025-11-23T19:58:23.892Z] GET /api/settings
[2025-11-23T19:58:24.053Z] GET /api/settings
[2025-11-23T19:58:24.055Z] GET /api/settings
[2025-11-23T19:58:24.222Z] GET /api/settings
[2025-11-23T19:58:24.225Z] GET /api/settings
[2025-11-23T19:58:24.475Z] GET /api/settings
[2025-11-23T19:58:24.479Z] GET /api/settings
[2025-11-23T19:58:24.685Z] GET /api/settings
[2025-11-23T19:58:24.688Z] GET /api/settings
[2025-11-23T19:58:24.899Z] GET /api/settings
[2025-11-23T19:58:24.905Z] GET /api/settings
[2025-11-23T19:58:25.109Z] GET /api/settings
[2025-11-23T19:58:25.112Z] GET /api/settings
[2025-11-23T19:58:25.323Z] GET /api/settings
[2025-11-23T19:58:25.326Z] GET /api/settings
[2025-11-23T19:58:25.524Z] GET /api/settings
[2025-11-23T19:58:25.528Z] GET /api/settings
[2025-11-23T19:58:25.731Z] GET /api/settings
[2025-11-23T19:58:25.733Z] GET /api/settings
[2025-11-23T19:58:25.964Z] GET /api/settings
[2025-11-23T19:58:25.967Z] GET /api/settings
[2025-11-23T19:58:26.124Z] GET /api/settings
[2025-11-23T19:58:26.127Z] GET /api/settings
[2025-11-23T19:58:26.293Z] GET /api/settings
[2025-11-23T19:58:26.296Z] GET /api/settings
[2025-11-23T19:58:26.456Z] GET /api/settings
[2025-11-23T19:58:26.458Z] GET /api/settings
[2025-11-23T19:58:26.611Z] GET /api/settings
[2025-11-23T19:58:26.613Z] GET /api/settings
[2025-11-23T19:58:26.766Z] GET /api/settings
[2025-11-23T19:58:26.773Z] GET /api/settings
[2025-11-23T19:58:26.937Z] GET /api/settings
[2025-11-23T19:58:26.941Z] GET /api/settings
[2025-11-23T19:58:27.093Z] GET /api/settings
[2025-11-23T19:58:27.095Z] GET /api/settings
[2025-11-23T19:58:27.254Z] GET /api/settings
[2025-11-23T19:58:27.269Z] GET /api/settings
[2025-11-23T19:58:27.419Z] GET /api/settings
[2025-11-23T19:58:27.422Z] GET /api/settings
[2025-11-23T19:58:27.636Z] GET /api/settings
[2025-11-23T19:58:27.641Z] GET /api/settings
[2025-11-23T19:58:27.850Z] GET /api/settings
[2025-11-23T19:58:27.853Z] GET /api/settings
[2025-11-23T19:58:28.072Z] GET /api/settings
[2025-11-23T19:58:28.074Z] GET /api/settings
[2025-11-23T19:58:28.296Z] GET /api/settings
[2025-11-23T19:58:28.301Z] GET /api/settings
[2025-11-23T19:58:28.503Z] GET /api/settings
[2025-11-23T19:58:28.506Z] GET /api/settings
[2025-11-23T19:58:28.712Z] GET /api/settings
[2025-11-23T19:58:28.715Z] GET /api/settings
[2025-11-23T19:58:28.924Z] GET /api/settings
[2025-11-23T19:58:28.926Z] GET /api/settings
[2025-11-23T19:58:29.132Z] GET /api/settings
[2025-11-23T19:58:29.134Z] GET /api/settings
[2025-11-23T19:58:29.334Z] GET /api/settings
[2025-11-23T19:58:29.337Z] GET /api/settings
[2025-11-23T19:58:29.542Z] GET /api/settings
[2025-11-23T19:58:29.548Z] GET /api/settings
[2025-11-23T19:58:29.781Z] GET /api/settings
[2025-11-23T19:58:29.784Z] GET /api/settings
[2025-11-23T19:58:29.947Z] GET /api/settings
[2025-11-23T19:58:29.950Z] GET /api/settings
[2025-11-23T19:58:30.111Z] GET /api/settings
[2025-11-23T19:58:30.118Z] GET /api/settings
[2025-11-23T19:58:30.268Z] GET /api/settings
[2025-11-23T19:58:30.271Z] GET /api/settings
[2025-11-23T19:58:30.433Z] GET /api/settings
[2025-11-23T19:58:30.436Z] GET /api/settings
[2025-11-23T19:58:30.598Z] GET /api/settings
[2025-11-23T19:58:30.604Z] GET /api/settings
[2025-11-23T19:58:30.766Z] GET /api/settings
[2025-11-23T19:58:30.769Z] GET /api/settings
[2025-11-23T19:58:30.931Z] GET /api/settings
[2025-11-23T19:58:30.935Z] GET /api/settings
[2025-11-23T19:58:31.106Z] GET /api/settings
[2025-11-23T19:58:31.108Z] GET /api/settings
[2025-11-23T19:58:31.364Z] GET /api/settings
[2025-11-23T19:58:31.366Z] GET /api/settings
[2025-11-23T19:58:31.607Z] GET /api/settings
[2025-11-23T19:58:31.610Z] GET /api/settings
[2025-11-23T19:58:31.896Z] GET /api/settings
[2025-11-23T19:58:31.899Z] GET /api/settings
[2025-11-23T19:58:32.167Z] GET /api/settings
[2025-11-23T19:58:32.170Z] GET /api/settings
[2025-11-23T19:58:32.436Z] GET /api/settings
[2025-11-23T19:58:32.438Z] GET /api/settings
[2025-11-23T19:58:32.735Z] GET /api/settings
[2025-11-23T19:58:32.738Z] GET /api/settings
[2025-11-23T19:58:33.180Z] GET /api/settings
[2025-11-23T19:58:33.182Z] GET /api/settings
[2025-11-23T19:58:33.457Z] GET /api/settings
[2025-11-23T19:58:33.460Z] GET /api/settings
[2025-11-23T19:58:33.759Z] GET /api/settings
[2025-11-23T19:58:33.761Z] GET /api/settings
[2025-11-23T19:58:34.076Z] GET /api/settings
[2025-11-23T19:58:34.078Z] GET /api/settings
[2025-11-23T19:58:37.050Z] GET /api/settings
[2025-11-23T19:58:37.053Z] GET /api/settings
[2025-11-23T19:58:37.942Z] GET /api/settings
[2025-11-23T19:58:37.946Z] GET /api/settings
[2025-11-23T19:58:38.184Z] GET /api/settings
[2025-11-23T19:58:38.186Z] GET /api/settings
[2025-11-23T19:58:38.453Z] GET /api/settings
[2025-11-23T19:58:38.455Z] GET /api/settings
[2025-11-23T19:58:38.768Z] GET /api/settings
[2025-11-23T19:58:38.774Z] GET /api/settings
[2025-11-23T19:58:39.144Z] GET /api/settings
[2025-11-23T19:58:39.149Z] GET /api/settings
[2025-11-23T19:58:39.530Z] GET /api/settings
[2025-11-23T19:58:39.535Z] GET /api/settings
[2025-11-23T19:58:39.944Z] GET /api/settings
[2025-11-23T19:58:39.947Z] GET /api/settings
[2025-11-23T19:58:40.422Z] GET /api/settings
[2025-11-23T19:58:40.425Z] GET /api/settings
[2025-11-23T19:58:40.918Z] GET /api/settings
[2025-11-23T19:58:40.922Z] GET /api/settings
[2025-11-23T19:58:41.439Z] GET /api/settings
[2025-11-23T19:58:41.442Z] GET /api/settings
[2025-11-23T19:58:41.985Z] GET /api/settings
[2025-11-23T19:58:41.988Z] GET /api/settings
[2025-11-23T19:58:42.550Z] GET /api/settings
[2025-11-23T19:58:42.556Z] GET /api/settings
[2025-11-23T19:58:43.168Z] GET /api/settings
[2025-11-23T19:58:43.171Z] GET /api/settings
[2025-11-23T19:58:43.809Z] GET /api/settings
[2025-11-23T19:58:43.812Z] GET /api/settings
[2025-11-23T19:58:44.468Z] GET /api/settings
[2025-11-23T19:58:44.470Z] GET /api/settings
[2025-11-23T19:58:45.141Z] GET /api/settings
[2025-11-23T19:58:45.144Z] GET /api/settings
[2025-11-23T19:58:45.854Z] GET /api/settings
[2025-11-23T19:58:45.857Z] GET /api/settings
[2025-11-23T19:58:46.617Z] GET /api/settings
[2025-11-23T19:58:46.620Z] GET /api/settings
[2025-11-23T19:58:47.460Z] GET /api/settings
[2025-11-23T19:58:47.462Z] GET /api/settings
[2025-11-23T19:58:48.739Z] GET /api/settings
[2025-11-23T19:58:48.742Z] GET /api/settings
[2025-11-23T19:58:50.442Z] GET /api/settings
[2025-11-23T19:58:50.444Z] GET /api/settings
[2025-11-23T19:58:52.238Z] GET /api/settings
[2025-11-23T19:58:52.240Z] GET /api/settings
[2025-11-23T19:58:54.110Z] GET /api/settings
[2025-11-23T19:58:54.112Z] GET /api/settings
[2025-11-23T19:58:54.513Z] GET /api/settings
[2025-11-23T19:58:54.515Z] GET /api/settings
[2025-11-23T19:58:54.859Z] GET /api/settings
[2025-11-23T19:58:54.861Z] GET /api/settings
[2025-11-23T19:58:55.233Z] GET /api/settings
[2025-11-23T19:58:55.235Z] GET /api/settings
[2025-11-23T19:58:55.590Z] GET /api/settings
[2025-11-23T19:58:55.592Z] GET /api/settings
[2025-11-23T19:58:55.996Z] GET /api/settings
[2025-11-23T19:58:55.998Z] GET /api/settings
[2025-11-23T19:58:56.402Z] GET /api/settings
[2025-11-23T19:58:56.405Z] GET /api/settings
[2025-11-23T19:58:56.811Z] GET /api/settings
[2025-11-23T19:58:56.813Z] GET /api/settings
[2025-11-23T19:58:57.220Z] GET /api/settings
[2025-11-23T19:58:57.222Z] GET /api/settings
[2025-11-23T19:58:57.608Z] GET /api/settings
[2025-11-23T19:58:57.610Z] GET /api/settings
[2025-11-23T19:58:57.957Z] GET /api/settings
[2025-11-23T19:58:57.959Z] GET /api/settings
[2025-11-23T19:58:58.334Z] GET /api/settings
[2025-11-23T19:58:58.336Z] GET /api/settings
[2025-11-23T19:58:58.756Z] GET /api/settings
[2025-11-23T19:58:58.758Z] GET /api/settings
[2025-11-23T19:58:59.164Z] GET /api/settings
[2025-11-23T19:58:59.166Z] GET /api/settings
[2025-11-23T19:58:59.602Z] GET /api/settings
[2025-11-23T19:58:59.603Z] GET /api/settings
[2025-11-23T19:59:00.040Z] GET /api/settings
[2025-11-23T19:59:00.041Z] GET /api/settings
[2025-11-23T19:59:00.488Z] GET /api/settings
[2025-11-23T19:59:00.490Z] GET /api/settings
[2025-11-23T19:59:00.931Z] GET /api/settings
[2025-11-23T19:59:00.933Z] GET /api/settings
[2025-11-23T19:59:01.395Z] GET /api/settings
[2025-11-23T19:59:01.396Z] GET /api/settings
[2025-11-23T19:59:01.959Z] GET /api/settings
[2025-11-23T19:59:01.961Z] GET /api/settings
[2025-11-23T19:59:04.106Z] GET /api/settings
[2025-11-23T19:59:04.108Z] GET /api/settings
[2025-11-23T19:59:06.420Z] GET /api/settings
[2025-11-23T19:59:06.422Z] GET /api/settings
[2025-11-23T19:59:07.858Z] GET /api/settings
[2025-11-23T19:59:07.860Z] GET /api/settings
[2025-11-23T19:59:08.329Z] GET /api/settings
[2025-11-23T19:59:08.331Z] GET /api/settings
[2025-11-23T19:59:08.749Z] GET /api/settings
[2025-11-23T19:59:08.762Z] GET /api/settings
[2025-11-23T19:59:09.135Z] GET /api/settings
[2025-11-23T19:59:09.137Z] GET /api/settings
[2025-11-23T19:59:09.495Z] GET /api/settings
[2025-11-23T19:59:09.497Z] GET /api/settings
[2025-11-23T19:59:09.849Z] GET /api/settings
[2025-11-23T19:59:09.851Z] GET /api/settings
[2025-11-23T19:59:10.197Z] GET /api/settings
[2025-11-23T19:59:10.199Z] GET /api/settings
[2025-11-23T19:59:10.607Z] GET /api/settings
[2025-11-23T19:59:10.609Z] GET /api/settings
[2025-11-23T19:59:10.999Z] GET /api/settings
[2025-11-23T19:59:11.001Z] GET /api/settings
[2025-11-23T19:59:11.360Z] GET /api/settings
[2025-11-23T19:59:11.362Z] GET /api/settings
[2025-11-23T19:59:11.729Z] GET /api/settings
[2025-11-23T19:59:11.730Z] GET /api/settings
[2025-11-23T19:59:12.176Z] GET /api/settings
[2025-11-23T19:59:12.178Z] GET /api/settings
[2025-11-23T19:59:12.617Z] GET /api/settings
[2025-11-23T19:59:12.619Z] GET /api/settings
[2025-11-23T19:59:13.043Z] GET /api/settings
[2025-11-23T19:59:13.045Z] GET /api/settings
[2025-11-23T19:59:13.499Z] GET /api/settings
[2025-11-23T19:59:13.501Z] GET /api/settings
[2025-11-23T19:59:13.961Z] GET /api/settings
[2025-11-23T19:59:13.963Z] GET /api/settings
[2025-11-23T19:59:14.461Z] GET /api/settings
[2025-11-23T19:59:14.462Z] GET /api/settings
[2025-11-23T19:59:14.997Z] GET /api/settings
[2025-11-23T19:59:14.999Z] GET /api/settings
[2025-11-23T19:59:15.502Z] GET /api/settings
[2025-11-23T19:59:15.503Z] GET /api/settings
[2025-11-23T19:59:15.842Z] GET /api/settings
[2025-11-23T19:59:15.844Z] GET /api/settings
[2025-11-23T19:59:16.257Z] GET /api/settings
[2025-11-23T19:59:16.259Z] GET /api/settings
[2025-11-23T19:59:16.600Z] GET /api/settings
[2025-11-23T19:59:16.606Z] GET /api/settings
[2025-11-23T19:59:16.953Z] GET /api/settings
[2025-11-23T19:59:16.954Z] GET /api/settings
[2025-11-23T19:59:17.244Z] GET /api/settings
[2025-11-23T19:59:17.246Z] GET /api/settings
[2025-11-23T19:59:17.563Z] GET /api/settings
[2025-11-23T19:59:17.565Z] GET /api/settings
[2025-11-23T19:59:17.919Z] GET /api/settings
[2025-11-23T19:59:17.921Z] GET /api/settings
[2025-11-23T19:59:18.201Z] GET /api/settings
[2025-11-23T19:59:18.202Z] GET /api/settings
[2025-11-23T19:59:18.531Z] GET /api/settings
[2025-11-23T19:59:18.533Z] GET /api/settings
[2025-11-23T19:59:18.882Z] GET /api/settings
[2025-11-23T19:59:18.884Z] GET /api/settings
[2025-11-23T19:59:19.247Z] GET /api/settings
[2025-11-23T19:59:19.249Z] GET /api/settings
[2025-11-23T19:59:19.631Z] GET /api/settings
[2025-11-23T19:59:19.633Z] GET /api/settings
[2025-11-23T19:59:19.986Z] GET /api/settings
[2025-11-23T19:59:19.988Z] GET /api/settings
[2025-11-23T19:59:20.376Z] GET /api/settings
[2025-11-23T19:59:20.377Z] GET /api/settings
[2025-11-23T19:59:20.785Z] GET /api/settings
[2025-11-23T19:59:20.786Z] GET /api/settings
[2025-11-23T19:59:21.183Z] GET /api/settings
[2025-11-23T19:59:21.185Z] GET /api/settings
[2025-11-23T19:59:21.605Z] GET /api/settings
[2025-11-23T19:59:21.606Z] GET /api/settings
[2025-11-23T19:59:22.095Z] GET /api/settings
[2025-11-23T19:59:22.096Z] GET /api/settings
[2025-11-23T19:59:22.533Z] GET /api/settings
[2025-11-23T19:59:22.535Z] GET /api/settings
[2025-11-23T19:59:22.996Z] GET /api/settings
[2025-11-23T19:59:22.998Z] GET /api/settings
[2025-11-23T19:59:23.475Z] GET /api/settings
[2025-11-23T19:59:23.477Z] GET /api/settings
[2025-11-23T19:59:23.895Z] GET /api/settings
[2025-11-23T19:59:23.897Z] GET /api/settings
[2025-11-23T19:59:24.341Z] GET /api/settings
[2025-11-23T19:59:24.343Z] GET /api/settings
[2025-11-23T19:59:24.902Z] GET /api/settings
[2025-11-23T19:59:24.903Z] GET /api/settings
[2025-11-23T19:59:25.620Z] GET /api/settings
[2025-11-23T19:59:25.629Z] GET /api/settings
[2025-11-23T19:59:26.413Z] GET /api/settings
[2025-11-23T19:59:26.414Z] GET /api/settings
[2025-11-23T19:59:28.653Z] GET /api/settings
[2025-11-23T19:59:28.656Z] GET /api/settings
[2025-11-23T19:59:30.962Z] GET /api/settings
[2025-11-23T19:59:30.963Z] GET /api/settings
[2025-11-23T19:59:33.501Z] GET /api/settings
[2025-11-23T19:59:33.503Z] GET /api/settings
[2025-11-23T19:59:36.125Z] GET /api/settings
[2025-11-23T19:59:36.127Z] GET /api/settings
[2025-11-23T19:59:39.033Z] GET /api/settings
[2025-11-23T19:59:39.035Z] GET /api/settings
[2025-11-23T19:59:41.962Z] GET /api/settings
[2025-11-23T19:59:41.964Z] GET /api/settings
[2025-11-23T19:59:45.279Z] GET /api/settings
[2025-11-23T19:59:45.281Z] GET /api/settings
[2025-11-23T19:59:48.584Z] GET /api/settings
[2025-11-23T19:59:48.586Z] GET /api/settings
[2025-11-23T20:14:05.053Z] POST /api/auth/register
[2025-11-23T20:14:29.172Z] GET /
[2025-11-23T20:14:51.554Z] GET /
[2025-11-23T20:14:51.568Z] GET /assets/index-g5VsqKEm.css
[2025-11-23T20:14:51.569Z] GET /assets/index-f-NWR_Aw.js
[2025-11-23T20:14:51.639Z] GET /api/settings
[2025-11-23T20:14:52.378Z] GET /login
[2025-11-23T20:14:52.406Z] GET /assets/index-f-NWR_Aw.js
[2025-11-23T20:14:52.409Z] GET /assets/index-g5VsqKEm.css
[2025-11-23T20:14:52.469Z] GET /api/settings
[2025-11-23T20:14:52.524Z] GET /login
[2025-11-23T20:14:52.548Z] GET /assets/index-f-NWR_Aw.js
[2025-11-23T20:14:52.550Z] GET /assets/index-g5VsqKEm.css
[2025-11-23T20:14:52.602Z] GET /api/settings
[2025-11-23T20:14:52.655Z] GET /login
[2025-11-23T20:14:52.671Z] GET /assets/index-f-NWR_Aw.js
[2025-11-23T20:14:52.672Z] GET /assets/index-g5VsqKEm.css
[2025-11-23T20:14:52.742Z] GET /api/settings
[2025-11-23T20:14:52.803Z] GET /login
[2025-11-23T20:14:52.822Z] GET /assets/index-f-NWR_Aw.js
[2025-11-23T20:14:52.823Z] GET /assets/index-g5VsqKEm.css
[2025-11-23T20:14:52.912Z] GET /api/settings
[2025-11-23T20:14:52.969Z] GET /login
[2025-11-23T20:14:52.985Z] GET /assets/index-f-NWR_Aw.js
[2025-11-23T20:14:52.986Z] GET /assets/index-g5VsqKEm.css
[2025-11-23T20:14:53.081Z] GET /api/settings
[2025-11-23T20:14:53.143Z] GET /login
[2025-11-23T20:14:53.172Z] GET /assets/index-f-NWR_Aw.js
[2025-11-23T20:14:53.174Z] GET /assets/index-g5VsqKEm.css
[2025-11-23T20:14:53.269Z] GET /api/settings
[2025-11-23T20:14:53.339Z] GET /login
[2025-11-23T20:14:53.370Z] GET /assets/index-f-NWR_Aw.js
[2025-11-23T20:14:53.371Z] GET /assets/index-g5VsqKEm.css
[2025-11-23T20:14:53.486Z] GET /api/settings
[2025-11-23T20:14:53.554Z] GET /login
[2025-11-23T20:14:53.590Z] GET /assets/index-f-NWR_Aw.js
[2025-11-23T20:14:53.591Z] GET /assets/index-g5VsqKEm.css
[2025-11-23T20:14:53.726Z] GET /api/settings
[2025-11-23T20:14:53.794Z] GET /login
[2025-11-23T20:14:53.817Z] GET /assets/index-f-NWR_Aw.js
[2025-11-23T20:14:53.818Z] GET /assets/index-g5VsqKEm.css
[2025-11-23T20:14:53.968Z] GET /api/settings
[2025-11-23T20:14:54.038Z] GET /login
[2025-11-23T20:14:54.066Z] GET /assets/index-f-NWR_Aw.js
[2025-11-23T20:14:54.069Z] GET /assets/index-g5VsqKEm.css
[2025-11-23T20:14:54.228Z] GET /api/settings
[2025-11-23T20:14:54.298Z] GET /login
[2025-11-23T20:14:54.316Z] GET /assets/index-f-NWR_Aw.js
[2025-11-23T20:14:54.317Z] GET /assets/index-g5VsqKEm.css
[2025-11-23T20:14:54.485Z] GET /api/settings
[2025-11-23T20:14:54.557Z] GET /login
[2025-11-23T20:14:54.592Z] GET /assets/index-f-NWR_Aw.js
[2025-11-23T20:14:54.593Z] GET /assets/index-g5VsqKEm.css
[2025-11-23T20:14:54.766Z] GET /api/settings
[2025-11-23T20:14:54.843Z] GET /login
[2025-11-23T20:14:54.871Z] GET /assets/index-f-NWR_Aw.js
[2025-11-23T20:14:54.875Z] GET /assets/index-g5VsqKEm.css
[2025-11-23T20:14:55.059Z] GET /api/settings
[2025-11-23T20:14:55.132Z] GET /login
[2025-11-23T20:14:55.168Z] GET /assets/index-f-NWR_Aw.js
[2025-11-23T20:14:55.170Z] GET /assets/index-g5VsqKEm.css
[2025-11-23T20:14:55.369Z] GET /api/settings
[2025-11-23T20:14:55.447Z] GET /login
[2025-11-23T20:14:55.475Z] GET /assets/index-f-NWR_Aw.js
[2025-11-23T20:14:55.479Z] GET /assets/index-g5VsqKEm.css
[2025-11-23T20:14:55.680Z] GET /api/settings
[2025-11-23T20:14:55.759Z] GET /login
[2025-11-23T20:14:55.795Z] GET /assets/index-f-NWR_Aw.js
[2025-11-23T20:14:55.796Z] GET /assets/index-g5VsqKEm.css
[2025-11-23T20:14:56.020Z] GET /api/settings
[2025-11-23T20:14:56.106Z] GET /login
[2025-11-23T20:14:56.137Z] GET /assets/index-f-NWR_Aw.js
[2025-11-23T20:14:56.138Z] GET /assets/index-g5VsqKEm.css
[2025-11-23T20:14:56.370Z] GET /api/settings
[2025-11-23T20:14:56.457Z] GET /login
[2025-11-23T20:14:56.494Z] GET /assets/index-f-NWR_Aw.js
[2025-11-23T20:14:56.495Z] GET /assets/index-g5VsqKEm.css
[2025-11-23T20:14:56.745Z] GET /api/settings
[2025-11-23T20:14:56.832Z] GET /login
[2025-11-23T20:14:56.866Z] GET /assets/index-f-NWR_Aw.js
[2025-11-23T20:14:56.868Z] GET /assets/index-g5VsqKEm.css
[2025-11-23T20:14:57.128Z] GET /api/settings
[2025-11-23T20:14:57.219Z] GET /login
[2025-11-23T20:14:57.248Z] GET /assets/index-f-NWR_Aw.js
[2025-11-23T20:14:57.251Z] GET /assets/index-g5VsqKEm.css
[2025-11-23T20:14:57.552Z] GET /api/settings
[2025-11-23T20:14:57.648Z] GET /login
[2025-11-23T20:14:57.679Z] GET /assets/index-f-NWR_Aw.js
[2025-11-23T20:14:57.681Z] GET /assets/index-g5VsqKEm.css
[2025-11-23T20:14:57.973Z] GET /api/settings
[2025-11-23T20:14:58.060Z] GET /login
[2025-11-23T20:14:58.095Z] GET /assets/index-f-NWR_Aw.js
[2025-11-23T20:14:58.096Z] GET /assets/index-g5VsqKEm.css
[2025-11-23T20:14:58.463Z] GET /api/settings
[2025-11-23T20:14:58.480Z] GET /login
[2025-11-23T20:14:58.507Z] GET /assets/index-f-NWR_Aw.js
[2025-11-23T20:14:58.510Z] GET /assets/index-g5VsqKEm.css
[2025-11-23T20:14:58.880Z] GET /api/settings
[2025-11-23T20:14:58.899Z] GET /login
[2025-11-23T20:14:58.919Z] GET /assets/index-g5VsqKEm.css
[2025-11-23T20:14:58.920Z] GET /assets/index-f-NWR_Aw.js
[2025-11-23T20:14:59.243Z] GET /api/settings
[2025-11-23T20:14:59.340Z] GET /login
[2025-11-23T20:14:59.372Z] GET /assets/index-f-NWR_Aw.js
[2025-11-23T20:14:59.375Z] GET /assets/index-g5VsqKEm.css
[2025-11-23T20:14:59.802Z] GET /api/settings
[2025-11-23T20:14:59.818Z] GET /login
[2025-11-23T20:14:59.841Z] GET /assets/index-f-NWR_Aw.js
[2025-11-23T20:14:59.843Z] GET /assets/index-g5VsqKEm.css
[2025-11-23T20:15:00.194Z] GET /api/settings
[2025-11-23T20:15:00.296Z] GET /login
[2025-11-23T20:15:00.323Z] GET /assets/index-f-NWR_Aw.js
[2025-11-23T20:15:00.327Z] GET /assets/index-g5VsqKEm.css
[2025-11-23T20:15:00.679Z] GET /api/settings
[2025-11-23T20:15:00.788Z] GET /login
[2025-11-23T20:15:00.822Z] GET /assets/index-f-NWR_Aw.js
[2025-11-23T20:15:00.825Z] GET /assets/index-g5VsqKEm.css
[2025-11-23T20:15:01.173Z] GET /api/settings
[2025-11-23T20:15:01.280Z] GET /login
[2025-11-23T20:15:01.317Z] GET /assets/index-g5VsqKEm.css
[2025-11-23T20:15:01.319Z] GET /assets/index-f-NWR_Aw.js
[2025-11-23T20:15:01.675Z] GET /api/settings
[2025-11-23T20:15:01.804Z] GET /login
[2025-11-23T20:15:01.838Z] GET /assets/index-f-NWR_Aw.js
[2025-11-23T20:15:01.839Z] GET /assets/index-g5VsqKEm.css
[2025-11-23T20:15:02.262Z] GET /api/settings
[2025-11-23T20:15:02.377Z] GET /login
[2025-11-23T20:15:02.411Z] GET /assets/index-f-NWR_Aw.js
[2025-11-23T20:15:02.412Z] GET /assets/index-g5VsqKEm.css
[2025-11-23T20:15:02.836Z] GET /api/settings
[2025-11-23T20:15:02.970Z] GET /login
[2025-11-23T20:15:03.010Z] GET /assets/index-f-NWR_Aw.js
[2025-11-23T20:15:03.011Z] GET /assets/index-g5VsqKEm.css
[2025-11-23T20:15:03.527Z] GET /api/settings
[2025-11-23T20:15:03.549Z] GET /login
[2025-11-23T20:15:03.586Z] GET /assets/index-f-NWR_Aw.js
[2025-11-23T20:15:03.587Z] GET /assets/index-g5VsqKEm.css
[2025-11-23T20:15:04.099Z] GET /api/settings
[2025-11-23T20:15:04.116Z] GET /login
[2025-11-23T20:15:04.142Z] GET /assets/index-f-NWR_Aw.js
[2025-11-23T20:15:04.144Z] GET /assets/index-g5VsqKEm.css
[2025-11-23T20:15:04.582Z] GET /api/settings
[2025-11-23T20:15:04.698Z] GET /login
[2025-11-23T20:15:04.729Z] GET /assets/index-f-NWR_Aw.js
[2025-11-23T20:15:04.730Z] GET /assets/index-g5VsqKEm.css
[2025-11-23T20:15:05.192Z] GET /api/settings
[2025-11-23T20:15:05.324Z] GET /login
[2025-11-23T20:15:05.353Z] GET /assets/index-f-NWR_Aw.js
[2025-11-23T20:15:05.354Z] GET /assets/index-g5VsqKEm.css
[2025-11-23T20:15:05.864Z] GET /api/settings
[2025-11-23T20:15:05.993Z] GET /login
[2025-11-23T20:15:06.029Z] GET /assets/index-f-NWR_Aw.js
[2025-11-23T20:15:06.030Z] GET /assets/index-g5VsqKEm.css
[2025-11-23T20:15:06.610Z] GET /api/settings
[2025-11-23T20:15:06.928Z] GET /login
[2025-11-23T20:15:06.958Z] GET /assets/index-g5VsqKEm.css
[2025-11-23T20:15:06.959Z] GET /assets/index-f-NWR_Aw.js
[2025-11-23T20:15:07.982Z] GET /api/settings
[2025-11-23T20:15:08.207Z] GET /login
[2025-11-23T20:15:08.230Z] GET /assets/index-f-NWR_Aw.js
[2025-11-23T20:15:08.232Z] GET /assets/index-g5VsqKEm.css
[2025-11-23T20:15:09.099Z] GET /api/settings
[2025-11-23T20:15:09.371Z] GET /login
[2025-11-23T20:15:09.390Z] GET /assets/index-f-NWR_Aw.js
[2025-11-23T20:15:09.394Z] GET /assets/index-g5VsqKEm.css
[2025-11-23T20:15:09.461Z] GET /api/settings
[2025-11-23T20:15:09.581Z] GET /login
[2025-11-23T20:15:09.605Z] GET /assets/index-g5VsqKEm.css
[2025-11-23T20:15:09.606Z] GET /assets/index-f-NWR_Aw.js
[2025-11-23T20:15:09.681Z] GET /api/settings
[2025-11-23T20:15:09.695Z] GET /login
[2025-11-23T20:15:09.811Z] GET /assets/index-g5VsqKEm.css
[2025-11-23T20:15:09.812Z] GET /assets/index-f-NWR_Aw.js
[2025-11-23T20:15:09.887Z] GET /api/settings
[2025-11-23T20:15:10.016Z] GET /login
[2025-11-23T20:15:10.042Z] GET /assets/index-f-NWR_Aw.js
[2025-11-23T20:15:10.046Z] GET /assets/index-g5VsqKEm.css
[2025-11-23T20:15:10.114Z] GET /api/settings
[2025-11-23T20:15:10.254Z] GET /login
[2025-11-23T20:15:10.284Z] GET /assets/index-f-NWR_Aw.js
[2025-11-23T20:15:10.285Z] GET /assets/index-g5VsqKEm.css
[2025-11-23T20:15:10.379Z] GET /api/settings
[2025-11-23T20:15:10.522Z] GET /login
[2025-11-23T20:15:10.548Z] GET /assets/index-f-NWR_Aw.js
[2025-11-23T20:15:10.549Z] GET /assets/index-g5VsqKEm.css
[2025-11-23T20:15:10.645Z] GET /api/settings
[2025-11-23T20:15:10.766Z] GET /login
[2025-11-23T20:15:10.793Z] GET /assets/index-f-NWR_Aw.js
[2025-11-23T20:15:10.793Z] GET /assets/index-g5VsqKEm.css
[2025-11-23T20:15:10.933Z] GET /api/settings
[2025-11-23T20:15:11.079Z] GET /login
[2025-11-23T20:15:11.104Z] GET /assets/index-f-NWR_Aw.js
[2025-11-23T20:15:11.105Z] GET /assets/index-g5VsqKEm.css
[2025-11-23T20:15:11.246Z] GET /api/settings
[2025-11-23T20:15:11.406Z] GET /login
[2025-11-23T20:15:11.430Z] GET /assets/index-f-NWR_Aw.js
[2025-11-23T20:15:11.431Z] GET /assets/index-g5VsqKEm.css
[2025-11-23T20:15:11.603Z] GET /api/settings
[2025-11-23T20:15:11.725Z] GET /login
[2025-11-23T20:15:11.752Z] GET /assets/index-f-NWR_Aw.js
[2025-11-23T20:15:11.752Z] GET /assets/index-g5VsqKEm.css
[2025-11-23T20:15:11.822Z] GET /api/settings
[2025-11-23T20:15:11.959Z] GET /login
[2025-11-23T20:15:11.990Z] GET /assets/index-g5VsqKEm.css
[2025-11-23T20:15:11.991Z] GET /assets/index-f-NWR_Aw.js
[2025-11-23T20:15:12.058Z] GET /api/settings
[2025-11-23T20:15:12.211Z] GET /login
[2025-11-23T20:15:12.238Z] GET /assets/index-g5VsqKEm.css
[2025-11-23T20:15:12.239Z] GET /assets/index-f-NWR_Aw.js
[2025-11-23T20:15:12.308Z] GET /api/settings
[2025-11-23T20:15:12.442Z] GET /login
[2025-11-23T20:15:12.468Z] GET /assets/index-f-NWR_Aw.js
[2025-11-23T20:15:12.469Z] GET /assets/index-g5VsqKEm.css
[2025-11-23T20:15:12.543Z] GET /api/settings
[2025-11-23T20:15:12.671Z] GET /login
[2025-11-23T20:15:12.697Z] GET /assets/index-f-NWR_Aw.js
[2025-11-23T20:15:12.699Z] GET /assets/index-g5VsqKEm.css
[2025-11-23T20:15:12.773Z] GET /api/settings
[2025-11-23T20:15:12.903Z] GET /login
[2025-11-23T20:15:12.929Z] GET /assets/index-f-NWR_Aw.js
[2025-11-23T20:15:12.930Z] GET /assets/index-g5VsqKEm.css
[2025-11-23T20:15:13.002Z] GET /api/settings
[2025-11-23T20:15:13.139Z] GET /login
[2025-11-23T20:15:13.172Z] GET /assets/index-f-NWR_Aw.js
[2025-11-23T20:15:13.173Z] GET /assets/index-g5VsqKEm.css
[2025-11-23T20:15:13.248Z] GET /api/settings
[2025-11-23T20:15:13.374Z] GET /login
[2025-11-23T20:15:13.402Z] GET /assets/index-g5VsqKEm.css
[2025-11-23T20:15:13.403Z] GET /assets/index-f-NWR_Aw.js
[2025-11-23T20:15:13.479Z] GET /api/settings
[2025-11-23T20:15:13.614Z] GET /login
[2025-11-23T20:15:13.645Z] GET /assets/index-f-NWR_Aw.js
[2025-11-23T20:15:13.645Z] GET /assets/index-g5VsqKEm.css
[2025-11-23T20:15:13.721Z] GET /api/settings
[2025-11-23T20:15:13.847Z] GET /login
[2025-11-23T20:15:13.876Z] GET /assets/index-f-NWR_Aw.js
[2025-11-23T20:15:13.880Z] GET /assets/index-g5VsqKEm.css
[2025-11-23T20:15:13.954Z] GET /api/settings
[2025-11-23T20:15:14.097Z] GET /login
[2025-11-23T20:15:14.128Z] GET /assets/index-f-NWR_Aw.js
[2025-11-23T20:15:14.128Z] GET /assets/index-g5VsqKEm.css
[2025-11-23T20:15:14.204Z] GET /api/settings
[2025-11-23T20:15:14.333Z] GET /login
[2025-11-23T20:15:14.364Z] GET /assets/index-f-NWR_Aw.js
[2025-11-23T20:15:14.365Z] GET /assets/index-g5VsqKEm.css
[2025-11-23T20:15:14.457Z] GET /api/settings
[2025-11-23T20:15:14.586Z] GET /login
[2025-11-23T20:15:14.617Z] GET /assets/index-f-NWR_Aw.js
[2025-11-23T20:15:14.618Z] GET /assets/index-g5VsqKEm.css
[2025-11-23T20:15:14.803Z] GET /api/settings
[2025-11-23T20:15:14.929Z] GET /login
[2025-11-23T20:15:14.959Z] GET /assets/index-f-NWR_Aw.js
[2025-11-23T20:15:14.960Z] GET /assets/index-g5VsqKEm.css
[2025-11-23T20:15:15.142Z] GET /api/settings
[2025-11-23T20:15:15.277Z] GET /login
[2025-11-23T20:15:15.301Z] GET /assets/index-f-NWR_Aw.js
[2025-11-23T20:15:15.302Z] GET /assets/index-g5VsqKEm.css
[2025-11-23T20:15:15.671Z] GET /api/settings
[2025-11-23T20:15:15.813Z] GET /login
[2025-11-23T20:15:15.837Z] GET /assets/index-f-NWR_Aw.js
[2025-11-23T20:15:15.838Z] GET /assets/index-g5VsqKEm.css
[2025-11-23T20:15:16.249Z] GET /api/settings
[2025-11-23T20:15:16.393Z] GET /login
[2025-11-23T20:15:16.421Z] GET /assets/index-f-NWR_Aw.js
[2025-11-23T20:15:16.422Z] GET /assets/index-g5VsqKEm.css
[2025-11-23T20:15:17.123Z] GET /api/settings
[2025-11-23T20:15:17.293Z] GET /login
[2025-11-23T20:15:17.319Z] GET /assets/index-f-NWR_Aw.js
[2025-11-23T20:15:17.320Z] GET /assets/index-g5VsqKEm.css
[2025-11-23T20:15:18.020Z] GET /api/settings
[2025-11-23T20:15:18.196Z] GET /login
[2025-11-23T20:15:18.223Z] GET /assets/index-f-NWR_Aw.js
[2025-11-23T20:15:18.224Z] GET /assets/index-g5VsqKEm.css
[2025-11-23T20:15:18.949Z] GET /api/settings
[2025-11-23T20:15:19.128Z] GET /login
[2025-11-23T20:15:19.154Z] GET /assets/index-f-NWR_Aw.js
[2025-11-23T20:15:19.155Z] GET /assets/index-g5VsqKEm.css
[2025-11-23T20:15:20.075Z] GET /api/settings
[2025-11-23T20:15:20.285Z] GET /login
[2025-11-23T20:15:20.311Z] GET /assets/index-f-NWR_Aw.js
[2025-11-23T20:15:20.312Z] GET /assets/index-g5VsqKEm.css
[2025-11-23T20:15:21.128Z] GET /api/settings
[2025-11-23T20:15:21.320Z] GET /login
[2025-11-23T20:15:21.346Z] GET /assets/index-f-NWR_Aw.js
[2025-11-23T20:15:21.346Z] GET /assets/index-g5VsqKEm.css
[2025-11-23T20:15:22.202Z] GET /api/settings
[2025-11-23T20:15:22.467Z] GET /login
[2025-11-23T20:15:22.490Z] GET /assets/index-f-NWR_Aw.js
[2025-11-23T20:15:22.491Z] GET /assets/index-g5VsqKEm.css
[2025-11-23T20:15:23.399Z] GET /api/settings
[2025-11-23T20:15:23.607Z] GET /login
[2025-11-23T20:15:23.633Z] GET /assets/index-f-NWR_Aw.js
[2025-11-23T20:15:23.634Z] GET /assets/index-g5VsqKEm.css
[2025-11-23T20:15:24.667Z] GET /api/settings
[2025-11-23T20:15:24.880Z] GET /login
[2025-11-23T20:15:24.904Z] GET /assets/index-f-NWR_Aw.js
[2025-11-23T20:15:24.904Z] GET /assets/index-g5VsqKEm.css
[2025-11-23T20:15:25.835Z] GET /api/settings
[2025-11-23T20:15:25.944Z] GET /login
[2025-11-23T20:15:25.962Z] GET /assets/index-f-NWR_Aw.js
[2025-11-23T20:15:25.963Z] GET /assets/index-g5VsqKEm.css
[2025-11-23T20:15:25.999Z] GET /api/settings
[2025-11-23T20:15:26.050Z] GET /login
[2025-11-23T20:15:26.070Z] GET /assets/index-f-NWR_Aw.js
[2025-11-23T20:15:26.071Z] GET /assets/index-g5VsqKEm.css
[2025-11-23T20:15:26.102Z] GET /api/settings
[2025-11-23T20:15:26.157Z] GET /login
[2025-11-23T20:15:26.182Z] GET /assets/index-f-NWR_Aw.js
[2025-11-23T20:15:26.183Z] GET /assets/index-g5VsqKEm.css
[2025-11-23T20:15:26.217Z] GET /api/settings
[2025-11-23T20:15:26.294Z] GET /login
[2025-11-23T20:15:26.317Z] GET /assets/index-f-NWR_Aw.js
[2025-11-23T20:15:26.319Z] GET /assets/index-g5VsqKEm.css
[2025-11-23T20:15:26.341Z] GET /api/settings
[2025-11-23T20:15:26.401Z] GET /login
[2025-11-23T20:15:26.426Z] GET /assets/index-f-NWR_Aw.js
[2025-11-23T20:15:26.427Z] GET /assets/index-g5VsqKEm.css
[2025-11-23T20:15:26.468Z] GET /api/settings
[2025-11-23T20:15:26.525Z] GET /login
[2025-11-23T20:15:26.544Z] GET /assets/index-f-NWR_Aw.js
[2025-11-23T20:15:26.545Z] GET /assets/index-g5VsqKEm.css
[2025-11-23T20:15:26.575Z] GET /api/settings
[2025-11-23T20:15:26.626Z] GET /login
[2025-11-23T20:15:26.653Z] GET /assets/index-f-NWR_Aw.js
[2025-11-23T20:15:26.654Z] GET /assets/index-g5VsqKEm.css
[2025-11-23T20:15:26.681Z] GET /api/settings
[2025-11-23T20:15:26.725Z] GET /login
[2025-11-23T20:15:26.740Z] GET /assets/index-f-NWR_Aw.js
[2025-11-23T20:15:26.741Z] GET /assets/index-g5VsqKEm.css
[2025-11-23T20:15:26.777Z] GET /api/settings
[2025-11-23T20:15:26.822Z] GET /login
[2025-11-23T20:15:26.839Z] GET /assets/index-f-NWR_Aw.js
[2025-11-23T20:15:26.840Z] GET /assets/index-g5VsqKEm.css
[2025-11-23T20:15:26.867Z] GET /api/settings
[2025-11-23T20:15:26.923Z] GET /login
[2025-11-23T20:15:26.940Z] GET /assets/index-f-NWR_Aw.js
[2025-11-23T20:15:26.942Z] GET /assets/index-g5VsqKEm.css
[2025-11-23T20:15:26.969Z] GET /api/settings
[2025-11-23T20:15:27.015Z] GET /login
[2025-11-23T20:15:27.035Z] GET /assets/index-f-NWR_Aw.js
[2025-11-23T20:15:27.036Z] GET /assets/index-g5VsqKEm.css
[2025-11-23T20:15:27.058Z] GET /api/settings
[2025-11-23T20:15:27.107Z] GET /login
[2025-11-23T20:15:27.133Z] GET /assets/index-f-NWR_Aw.js
[2025-11-23T20:15:27.134Z] GET /assets/index-g5VsqKEm.css
[2025-11-23T20:15:27.167Z] GET /api/settings
[2025-11-23T20:15:27.218Z] GET /login
[2025-11-23T20:15:27.246Z] GET /assets/index-f-NWR_Aw.js
[2025-11-23T20:15:27.250Z] GET /assets/index-g5VsqKEm.css
[2025-11-23T20:15:27.270Z] GET /api/settings
[2025-11-23T20:15:27.325Z] GET /login
[2025-11-23T20:15:27.340Z] GET /assets/index-f-NWR_Aw.js
[2025-11-23T20:15:27.341Z] GET /assets/index-g5VsqKEm.css
[2025-11-23T20:15:27.367Z] GET /api/settings
[2025-11-23T20:15:27.412Z] GET /login
[2025-11-23T20:15:27.431Z] GET /assets/index-f-NWR_Aw.js
[2025-11-23T20:15:27.432Z] GET /assets/index-g5VsqKEm.css
[2025-11-23T20:15:27.458Z] GET /api/settings
[2025-11-23T20:15:27.505Z] GET /login
[2025-11-23T20:15:27.524Z] GET /assets/index-f-NWR_Aw.js
[2025-11-23T20:15:27.528Z] GET /assets/index-g5VsqKEm.css
[2025-11-23T20:15:27.553Z] GET /api/settings
[2025-11-23T20:15:27.597Z] GET /login
[2025-11-23T20:15:27.616Z] GET /assets/index-f-NWR_Aw.js
[2025-11-23T20:15:27.617Z] GET /assets/index-g5VsqKEm.css
[2025-11-23T20:15:27.641Z] GET /api/settings
[2025-11-23T20:15:27.697Z] GET /login
[2025-11-23T20:15:27.712Z] GET /assets/index-f-NWR_Aw.js
[2025-11-23T20:15:27.715Z] GET /assets/index-g5VsqKEm.css
[2025-11-23T20:15:27.742Z] GET /api/settings
[2025-11-23T20:15:27.790Z] GET /login
[2025-11-23T20:15:27.806Z] GET /assets/index-f-NWR_Aw.js
[2025-11-23T20:15:27.807Z] GET /assets/index-g5VsqKEm.css
[2025-11-23T20:15:27.835Z] GET /api/settings
[2025-11-23T20:15:27.890Z] GET /login
[2025-11-23T20:15:27.910Z] GET /assets/index-f-NWR_Aw.js
[2025-11-23T20:15:27.911Z] GET /assets/index-g5VsqKEm.css
[2025-11-23T20:15:27.938Z] GET /api/settings
[2025-11-23T20:15:27.988Z] GET /login
[2025-11-23T20:15:28.003Z] GET /assets/index-g5VsqKEm.css
[2025-11-23T20:15:28.004Z] GET /assets/index-f-NWR_Aw.js
[2025-11-23T20:15:28.038Z] GET /api/settings
[2025-11-23T20:15:28.099Z] GET /login
[2025-11-23T20:15:28.117Z] GET /assets/index-f-NWR_Aw.js
[2025-11-23T20:15:28.118Z] GET /assets/index-g5VsqKEm.css
[2025-11-23T20:15:28.149Z] GET /api/settings
[2025-11-23T20:15:28.198Z] GET /login
[2025-11-23T20:15:28.215Z] GET /assets/index-f-NWR_Aw.js
[2025-11-23T20:15:28.217Z] GET /assets/index-g5VsqKEm.css
[2025-11-23T20:15:28.247Z] GET /api/settings
[2025-11-23T20:15:28.304Z] GET /login
[2025-11-23T20:15:28.328Z] GET /assets/index-f-NWR_Aw.js
[2025-11-23T20:15:28.331Z] GET /assets/index-g5VsqKEm.css
[2025-11-23T20:15:28.353Z] GET /api/settings
[2025-11-23T20:15:28.404Z] GET /login
[2025-11-23T20:15:28.423Z] GET /assets/index-g5VsqKEm.css
[2025-11-23T20:15:28.424Z] GET /assets/index-f-NWR_Aw.js
[2025-11-23T20:15:28.452Z] GET /api/settings
[2025-11-23T20:15:28.510Z] GET /login
[2025-11-23T20:15:28.533Z] GET /assets/index-f-NWR_Aw.js
[2025-11-23T20:15:28.534Z] GET /assets/index-g5VsqKEm.css
[2025-11-23T20:15:28.558Z] GET /api/settings
[2025-11-23T20:15:28.605Z] GET /login
[2025-11-23T20:15:28.623Z] GET /assets/index-f-NWR_Aw.js
[2025-11-23T20:15:28.624Z] GET /assets/index-g5VsqKEm.css
[2025-11-23T20:15:28.650Z] GET /api/settings
[2025-11-23T20:15:28.704Z] GET /login
[2025-11-23T20:15:28.730Z] GET /assets/index-f-NWR_Aw.js
[2025-11-23T20:15:28.731Z] GET /assets/index-g5VsqKEm.css
[2025-11-23T20:15:28.752Z] GET /api/settings
[2025-11-23T20:15:28.801Z] GET /login
[2025-11-23T20:15:28.835Z] GET /assets/index-f-NWR_Aw.js
[2025-11-23T20:15:28.840Z] GET /assets/index-g5VsqKEm.css
[2025-11-23T20:15:28.863Z] GET /api/settings
[2025-11-23T20:15:28.922Z] GET /login
[2025-11-23T20:15:28.952Z] GET /assets/index-f-NWR_Aw.js
[2025-11-23T20:15:28.957Z] GET /assets/index-g5VsqKEm.css
[2025-11-23T20:15:28.982Z] GET /api/settings
[2025-11-23T20:15:29.029Z] GET /login
[2025-11-23T20:15:29.052Z] GET /assets/index-f-NWR_Aw.js
[2025-11-23T20:15:29.053Z] GET /assets/index-g5VsqKEm.css
[2025-11-23T20:15:29.072Z] GET /api/settings
[2025-11-23T20:15:29.129Z] GET /login
[2025-11-23T20:15:29.156Z] GET /assets/index-f-NWR_Aw.js
[2025-11-23T20:15:29.157Z] GET /assets/index-g5VsqKEm.css
[2025-11-23T20:15:29.180Z] GET /api/settings
[2025-11-23T20:15:29.225Z] GET /login
[2025-11-23T20:15:29.240Z] GET /assets/index-f-NWR_Aw.js
[2025-11-23T20:15:29.243Z] GET /assets/index-g5VsqKEm.css
[2025-11-23T20:15:29.269Z] GET /api/settings
[2025-11-23T20:15:29.324Z] GET /login
[2025-11-23T20:15:29.341Z] GET /assets/index-f-NWR_Aw.js
[2025-11-23T20:15:29.344Z] GET /assets/index-g5VsqKEm.css
[2025-11-23T20:15:29.379Z] GET /api/settings
[2025-11-23T20:15:29.453Z] GET /login
[2025-11-23T20:15:29.471Z] GET /assets/index-g5VsqKEm.css
[2025-11-23T20:15:29.472Z] GET /assets/index-f-NWR_Aw.js
[2025-11-23T20:15:29.504Z] GET /api/settings
[2025-11-23T20:15:29.550Z] GET /login
[2025-11-23T20:15:29.566Z] GET /assets/index-f-NWR_Aw.js
[2025-11-23T20:15:29.567Z] GET /assets/index-g5VsqKEm.css
[2025-11-23T20:15:29.603Z] GET /api/settings
[2025-11-23T20:15:29.656Z] GET /login
[2025-11-23T20:15:29.684Z] GET /assets/index-f-NWR_Aw.js
[2025-11-23T20:15:29.685Z] GET /assets/index-g5VsqKEm.css
[2025-11-23T20:15:29.707Z] GET /api/settings
[2025-11-23T20:15:29.758Z] GET /login
[2025-11-23T20:15:29.807Z] GET /assets/index-f-NWR_Aw.js
[2025-11-23T20:15:29.812Z] GET /assets/index-g5VsqKEm.css
[2025-11-23T20:15:29.844Z] GET /api/settings
[2025-11-23T20:15:29.884Z] GET /login
[2025-11-23T20:15:29.910Z] GET /assets/index-f-NWR_Aw.js
[2025-11-23T20:15:29.911Z] GET /assets/index-g5VsqKEm.css
[2025-11-23T20:15:29.937Z] GET /api/settings
[2025-11-23T20:15:29.981Z] GET /login
[2025-11-23T20:15:30.004Z] GET /assets/index-f-NWR_Aw.js
[2025-11-23T20:15:30.006Z] GET /assets/index-g5VsqKEm.css
[2025-11-23T20:15:30.035Z] GET /api/settings
[2025-11-23T20:15:30.082Z] GET /login
[2025-11-23T20:15:30.099Z] GET /assets/index-g5VsqKEm.css
[2025-11-23T20:15:30.100Z] GET /assets/index-f-NWR_Aw.js
[2025-11-23T20:15:30.127Z] GET /api/settings
[2025-11-23T20:15:30.179Z] GET /login
[2025-11-23T20:15:30.197Z] GET /assets/index-f-NWR_Aw.js
[2025-11-23T20:15:30.198Z] GET /assets/index-g5VsqKEm.css
[2025-11-23T20:15:30.223Z] GET /api/settings
[2025-11-23T20:15:30.276Z] GET /login
[2025-11-23T20:15:30.294Z] GET /assets/index-f-NWR_Aw.js
[2025-11-23T20:15:30.295Z] GET /assets/index-g5VsqKEm.css
[2025-11-23T20:15:30.320Z] GET /api/settings
[2025-11-23T20:15:30.367Z] GET /login
[2025-11-23T20:15:30.391Z] GET /assets/index-f-NWR_Aw.js
[2025-11-23T20:15:30.393Z] GET /assets/index-g5VsqKEm.css
[2025-11-23T20:15:30.421Z] GET /api/settings
[2025-11-23T20:15:30.466Z] GET /login
[2025-11-23T20:15:30.487Z] GET /assets/index-f-NWR_Aw.js
[2025-11-23T20:15:30.489Z] GET /assets/index-g5VsqKEm.css
[2025-11-23T20:15:30.511Z] GET /api/settings
[2025-11-23T20:15:30.561Z] GET /login
[2025-11-23T20:15:30.584Z] GET /assets/index-f-NWR_Aw.js
[2025-11-23T20:15:30.585Z] GET /assets/index-g5VsqKEm.css
[2025-11-23T20:15:30.609Z] GET /api/settings
[2025-11-23T20:15:30.656Z] GET /login
[2025-11-23T20:15:30.672Z] GET /assets/index-f-NWR_Aw.js
[2025-11-23T20:15:30.673Z] GET /assets/index-g5VsqKEm.css
[2025-11-23T20:15:30.708Z] GET /api/settings
[2025-11-23T20:15:30.752Z] GET /login
[2025-11-23T20:15:30.771Z] GET /assets/index-f-NWR_Aw.js
[2025-11-23T20:15:30.772Z] GET /assets/index-g5VsqKEm.css
[2025-11-23T20:15:30.804Z] GET /api/settings
[2025-11-23T20:15:30.852Z] GET /login
[2025-11-23T20:15:30.867Z] GET /assets/index-f-NWR_Aw.js
[2025-11-23T20:15:30.868Z] GET /assets/index-g5VsqKEm.css
[2025-11-23T20:15:30.901Z] GET /api/settings
[2025-11-23T20:15:30.953Z] GET /login
[2025-11-23T20:15:30.968Z] GET /assets/index-f-NWR_Aw.js
[2025-11-23T20:15:30.969Z] GET /assets/index-g5VsqKEm.css
[2025-11-23T20:15:31.001Z] GET /api/settings
[2025-11-23T20:15:31.047Z] GET /login
[2025-11-23T20:15:31.070Z] GET /assets/index-f-NWR_Aw.js
[2025-11-23T20:15:31.071Z] GET /assets/index-g5VsqKEm.css
[2025-11-23T20:15:31.101Z] GET /api/settings
[2025-11-23T20:15:31.154Z] GET /login
[2025-11-23T20:15:31.169Z] GET /assets/index-f-NWR_Aw.js
[2025-11-23T20:15:31.170Z] GET /assets/index-g5VsqKEm.css
[2025-11-23T20:15:31.201Z] GET /api/settings
[2025-11-23T20:15:31.244Z] GET /login
[2025-11-23T20:15:31.257Z] GET /assets/index-f-NWR_Aw.js
[2025-11-23T20:15:31.260Z] GET /assets/index-g5VsqKEm.css
[2025-11-23T20:15:31.288Z] GET /api/settings
[2025-11-23T20:15:31.347Z] GET /login
[2025-11-23T20:15:31.375Z] GET /assets/index-f-NWR_Aw.js
[2025-11-23T20:15:31.376Z] GET /assets/index-g5VsqKEm.css
[2025-11-23T20:15:31.399Z] GET /api/settings
[2025-11-23T20:15:31.445Z] GET /login
[2025-11-23T20:15:31.471Z] GET /assets/index-f-NWR_Aw.js
[2025-11-23T20:15:31.472Z] GET /assets/index-g5VsqKEm.css
[2025-11-23T20:15:31.491Z] GET /api/settings
[2025-11-23T20:15:31.547Z] GET /login
[2025-11-23T20:15:31.563Z] GET /assets/index-f-NWR_Aw.js
[2025-11-23T20:15:31.564Z] GET /assets/index-g5VsqKEm.css
[2025-11-23T20:15:31.590Z] GET /api/settings
[2025-11-23T20:15:31.637Z] GET /login
[2025-11-23T20:15:31.651Z] GET /assets/index-g5VsqKEm.css
[2025-11-23T20:15:31.652Z] GET /assets/index-f-NWR_Aw.js
[2025-11-23T20:15:31.681Z] GET /api/settings
[2025-11-23T20:15:31.731Z] GET /login
[2025-11-23T20:15:31.748Z] GET /assets/index-f-NWR_Aw.js
[2025-11-23T20:15:31.749Z] GET /assets/index-g5VsqKEm.css
[2025-11-23T20:15:31.779Z] GET /api/settings
[2025-11-23T20:15:31.830Z] GET /login
[2025-11-23T20:15:31.849Z] GET /assets/index-f-NWR_Aw.js
[2025-11-23T20:15:31.850Z] GET /assets/index-g5VsqKEm.css
[2025-11-23T20:15:31.876Z] GET /api/settings
[2025-11-23T20:15:31.934Z] GET /login
[2025-11-23T20:15:31.957Z] GET /assets/index-f-NWR_Aw.js
[2025-11-23T20:15:31.958Z] GET /assets/index-g5VsqKEm.css
[2025-11-23T20:15:31.988Z] GET /api/settings
[2025-11-23T20:15:32.039Z] GET /login
[2025-11-23T20:15:32.060Z] GET /assets/index-f-NWR_Aw.js
[2025-11-23T20:15:32.063Z] GET /assets/index-g5VsqKEm.css
[2025-11-23T20:15:32.085Z] GET /api/settings
[2025-11-23T20:15:32.143Z] GET /login
[2025-11-23T20:15:32.173Z] GET /assets/index-f-NWR_Aw.js
[2025-11-23T20:15:32.176Z] GET /assets/index-g5VsqKEm.css
[2025-11-23T20:15:32.199Z] GET /api/settings
[2025-11-23T20:15:32.250Z] GET /login
[2025-11-23T20:15:32.269Z] GET /assets/index-f-NWR_Aw.js
[2025-11-23T20:15:32.270Z] GET /assets/index-g5VsqKEm.css
[2025-11-23T20:15:32.297Z] GET /api/settings
[2025-11-23T20:15:32.352Z] GET /login
[2025-11-23T20:15:32.372Z] GET /assets/index-f-NWR_Aw.js
[2025-11-23T20:15:32.374Z] GET /assets/index-g5VsqKEm.css
[2025-11-23T20:15:32.417Z] GET /api/settings
[2025-11-23T20:15:32.513Z] GET /login
[2025-11-23T20:15:32.539Z] GET /assets/index-f-NWR_Aw.js
[2025-11-23T20:15:32.540Z] GET /assets/index-g5VsqKEm.css
[2025-11-23T20:15:32.566Z] GET /api/settings
[2025-11-23T20:15:32.612Z] GET /login
[2025-11-23T20:15:32.631Z] GET /assets/index-f-NWR_Aw.js
[2025-11-23T20:15:32.632Z] GET /assets/index-g5VsqKEm.css
[2025-11-23T20:15:32.664Z] GET /api/settings
[2025-11-23T20:15:32.714Z] GET /login
[2025-11-23T20:15:32.734Z] GET /assets/index-f-NWR_Aw.js
[2025-11-23T20:15:32.743Z] GET /assets/index-g5VsqKEm.css
[2025-11-23T20:15:32.780Z] GET /api/settings
[2025-11-23T20:16:34.005Z] GET /
[2025-11-23T20:16:52.116Z] GET /
[2025-11-23T20:16:52.134Z] GET /assets/index-f-NWR_Aw.js
[2025-11-23T20:16:52.136Z] GET /assets/index-g5VsqKEm.css
[2025-11-23T20:16:52.196Z] GET /api/settings
[2025-11-23T20:16:52.214Z] GET /login
[2025-11-23T20:16:52.381Z] GET /assets/index-f-NWR_Aw.js
[2025-11-23T20:16:52.382Z] GET /assets/index-g5VsqKEm.css
[2025-11-23T20:16:52.424Z] GET /api/settings
[2025-11-23T20:16:53.020Z] GET /login
[2025-11-23T20:16:53.039Z] GET /assets/index-f-NWR_Aw.js
[2025-11-23T20:16:53.041Z] GET /assets/index-g5VsqKEm.css
[2025-11-23T20:16:53.090Z] GET /api/settings
[2025-11-23T20:16:53.149Z] GET /login
[2025-11-23T20:16:53.174Z] GET /assets/index-f-NWR_Aw.js
[2025-11-23T20:16:53.177Z] GET /assets/index-g5VsqKEm.css
[2025-11-23T20:16:53.229Z] GET /api/settings
[2025-11-23T20:16:53.287Z] GET /login
[2025-11-23T20:16:53.307Z] GET /assets/index-f-NWR_Aw.js
[2025-11-23T20:16:53.309Z] GET /assets/index-g5VsqKEm.css
[2025-11-23T20:16:53.381Z] GET /api/settings
[2025-11-23T20:16:53.441Z] GET /login
[2025-11-23T20:16:53.457Z] GET /assets/index-g5VsqKEm.css
[2025-11-23T20:16:53.459Z] GET /assets/index-f-NWR_Aw.js
[2025-11-23T20:16:53.553Z] GET /api/settings
[2025-11-23T20:16:53.614Z] GET /login
[2025-11-23T20:16:53.635Z] GET /assets/index-f-NWR_Aw.js
[2025-11-23T20:16:53.637Z] GET /assets/index-g5VsqKEm.css
[2025-11-23T20:16:53.733Z] GET /api/settings
[2025-11-23T20:16:53.796Z] GET /login
[2025-11-23T20:16:53.823Z] GET /assets/index-f-NWR_Aw.js
[2025-11-23T20:16:53.824Z] GET /assets/index-g5VsqKEm.css
[2025-11-23T20:16:53.929Z] GET /api/settings
[2025-11-23T20:16:53.992Z] GET /login
[2025-11-23T20:16:54.010Z] GET /assets/index-f-NWR_Aw.js
[2025-11-23T20:16:54.013Z] GET /assets/index-g5VsqKEm.css
[2025-11-23T20:16:54.140Z] GET /api/settings
[2025-11-23T20:16:54.209Z] GET /login
[2025-11-23T20:16:54.228Z] GET /assets/index-f-NWR_Aw.js
[2025-11-23T20:16:54.231Z] GET /assets/index-g5VsqKEm.css
[2025-11-23T20:16:54.379Z] GET /api/settings
[2025-11-23T20:16:54.446Z] GET /login
[2025-11-23T20:16:54.473Z] GET /assets/index-f-NWR_Aw.js
[2025-11-23T20:16:54.476Z] GET /assets/index-g5VsqKEm.css
[2025-11-23T20:16:54.618Z] GET /api/settings
[2025-11-23T20:16:54.685Z] GET /login
[2025-11-23T20:16:54.705Z] GET /assets/index-g5VsqKEm.css
[2025-11-23T20:16:54.706Z] GET /assets/index-f-NWR_Aw.js
[2025-11-23T20:16:54.878Z] GET /api/settings
[2025-11-23T20:16:54.951Z] GET /login
[2025-11-23T20:16:54.975Z] GET /assets/index-f-NWR_Aw.js
[2025-11-23T20:16:54.978Z] GET /assets/index-g5VsqKEm.css
[2025-11-23T20:16:55.144Z] GET /api/settings
[2025-11-23T20:16:55.218Z] GET /login
[2025-11-23T20:16:55.249Z] GET /assets/index-f-NWR_Aw.js
[2025-11-23T20:16:55.250Z] GET /assets/index-g5VsqKEm.css
[2025-11-23T20:16:55.445Z] GET /api/settings
[2025-11-23T20:16:55.521Z] GET /login
[2025-11-23T20:16:55.550Z] GET /assets/index-f-NWR_Aw.js
[2025-11-23T20:16:55.555Z] GET /assets/index-g5VsqKEm.css
[2025-11-23T20:16:55.737Z] GET /api/settings
[2025-11-23T20:16:55.815Z] GET /login
[2025-11-23T20:16:55.838Z] GET /assets/index-f-NWR_Aw.js
[2025-11-23T20:16:55.841Z] GET /assets/index-g5VsqKEm.css
[2025-11-23T20:16:56.039Z] GET /api/settings
[2025-11-23T20:16:56.124Z] GET /login
[2025-11-23T20:16:56.152Z] GET /assets/index-f-NWR_Aw.js
[2025-11-23T20:16:56.155Z] GET /assets/index-g5VsqKEm.css
[2025-11-23T20:16:56.365Z] GET /api/settings
[2025-11-23T20:16:56.441Z] GET /login
[2025-11-23T20:16:56.458Z] GET /assets/index-f-NWR_Aw.js
[2025-11-23T20:16:56.459Z] GET /assets/index-g5VsqKEm.css
[2025-11-23T20:16:56.691Z] GET /api/settings
[2025-11-23T20:16:56.772Z] GET /login
[2025-11-23T20:16:56.796Z] GET /assets/index-f-NWR_Aw.js
[2025-11-23T20:16:56.798Z] GET /assets/index-g5VsqKEm.css
[2025-11-23T20:16:57.025Z] GET /api/settings
[2025-11-23T20:16:57.106Z] GET /login
[2025-11-23T20:16:57.150Z] GET /assets/index-f-NWR_Aw.js
[2025-11-23T20:16:57.151Z] GET /assets/index-g5VsqKEm.css
[2025-11-23T20:16:57.381Z] GET /api/settings
[2025-11-23T20:16:57.463Z] GET /login
[2025-11-23T20:16:57.493Z] GET /assets/index-f-NWR_Aw.js
[2025-11-23T20:16:57.495Z] GET /assets/index-g5VsqKEm.css
[2025-11-23T20:16:57.728Z] GET /api/settings
[2025-11-23T20:16:57.814Z] GET /login
[2025-11-23T20:16:57.850Z] GET /assets/index-f-NWR_Aw.js
[2025-11-23T20:16:57.851Z] GET /assets/index-g5VsqKEm.css
[2025-11-23T20:16:58.150Z] GET /api/settings
[2025-11-23T20:16:58.162Z] GET /login
[2025-11-23T20:16:58.178Z] GET /assets/index-f-NWR_Aw.js
[2025-11-23T20:16:58.179Z] GET /assets/index-g5VsqKEm.css
[2025-11-23T20:16:58.447Z] GET /api/settings
[2025-11-23T20:16:58.533Z] GET /login
[2025-11-23T20:16:58.571Z] GET /assets/index-f-NWR_Aw.js
[2025-11-23T20:16:58.575Z] GET /assets/index-g5VsqKEm.css
[2025-11-23T20:16:58.898Z] GET /api/settings
[2025-11-23T20:16:58.910Z] GET /login
[2025-11-23T20:16:58.939Z] GET /assets/index-g5VsqKEm.css
[2025-11-23T20:16:58.940Z] GET /assets/index-f-NWR_Aw.js
[2025-11-23T20:16:59.437Z] GET /api/settings
[2025-11-23T20:16:59.652Z] GET /login
[2025-11-23T20:16:59.695Z] GET /assets/index-g5VsqKEm.css
[2025-11-23T20:16:59.696Z] GET /assets/index-f-NWR_Aw.js
[2025-11-23T20:17:00.277Z] GET /api/settings
[2025-11-23T20:17:00.451Z] GET /login
[2025-11-23T20:17:00.510Z] GET /assets/index-g5VsqKEm.css
[2025-11-23T20:17:00.511Z] GET /assets/index-f-NWR_Aw.js
[2025-11-23T20:17:01.115Z] GET /api/settings
[2025-11-23T20:17:01.293Z] GET /login
[2025-11-23T20:17:01.324Z] GET /assets/index-g5VsqKEm.css
[2025-11-23T20:17:01.325Z] GET /assets/index-f-NWR_Aw.js
[2025-11-23T20:17:01.921Z] GET /api/settings
[2025-11-23T20:17:02.097Z] GET /login
[2025-11-23T20:17:02.131Z] GET /assets/index-f-NWR_Aw.js
[2025-11-23T20:17:02.132Z] GET /assets/index-g5VsqKEm.css
[2025-11-23T20:17:02.801Z] GET /api/settings
[2025-11-23T20:17:02.991Z] GET /login
[2025-11-23T20:17:03.030Z] GET /assets/index-f-NWR_Aw.js
[2025-11-23T20:17:03.031Z] GET /assets/index-g5VsqKEm.css
[2025-11-23T20:17:03.694Z] GET /api/settings
[2025-11-23T20:17:03.893Z] GET /login
[2025-11-23T20:17:03.928Z] GET /assets/index-f-NWR_Aw.js
[2025-11-23T20:17:03.933Z] GET /assets/index-g5VsqKEm.css
[2025-11-23T20:17:04.633Z] GET /api/settings
[2025-11-23T20:17:04.811Z] GET /login
[2025-11-23T20:17:04.831Z] GET /assets/index-f-NWR_Aw.js
[2025-11-23T20:17:04.832Z] GET /assets/index-g5VsqKEm.css
[2025-11-23T20:17:05.574Z] GET /api/settings
[2025-11-23T20:17:05.773Z] GET /login
[2025-11-23T20:17:05.792Z] GET /assets/index-f-NWR_Aw.js
[2025-11-23T20:17:05.793Z] GET /assets/index-g5VsqKEm.css
[2025-11-23T20:17:06.445Z] GET /api/settings
[2025-11-23T20:17:06.643Z] GET /login
[2025-11-23T20:17:06.668Z] GET /assets/index-f-NWR_Aw.js
[2025-11-23T20:17:06.669Z] GET /assets/index-g5VsqKEm.css
[2025-11-23T20:17:07.365Z] GET /api/settings
[2025-11-23T20:17:07.563Z] GET /login
[2025-11-23T20:17:07.596Z] GET /assets/index-f-NWR_Aw.js
[2025-11-23T20:17:07.599Z] GET /assets/index-g5VsqKEm.css
[2025-11-23T20:17:08.363Z] GET /api/settings
[2025-11-23T20:17:08.613Z] GET /login
[2025-11-23T20:17:08.654Z] GET /assets/index-f-NWR_Aw.js
[2025-11-23T20:17:08.656Z] GET /assets/index-g5VsqKEm.css
[2025-11-23T20:17:09.475Z] GET /api/settings
[2025-11-23T20:17:09.502Z] GET /login
[2025-11-23T20:17:09.722Z] GET /assets/index-f-NWR_Aw.js
[2025-11-23T20:17:09.723Z] GET /assets/index-g5VsqKEm.css
[2025-11-23T20:17:10.490Z] GET /api/settings
[2025-11-23T20:17:10.725Z] GET /login
[2025-11-23T20:17:10.764Z] GET /assets/index-g5VsqKEm.css
[2025-11-23T20:17:10.764Z] GET /assets/index-f-NWR_Aw.js
[2025-11-23T20:17:11.597Z] GET /api/settings
[2025-11-23T20:17:11.852Z] GET /login
[2025-11-23T20:17:11.892Z] GET /assets/index-f-NWR_Aw.js
[2025-11-23T20:17:11.893Z] GET /assets/index-g5VsqKEm.css
[2025-11-23T20:17:12.771Z] GET /api/settings
[2025-11-23T20:17:13.023Z] GET /login
[2025-11-23T20:17:13.064Z] GET /assets/index-f-NWR_Aw.js
[2025-11-23T20:17:13.065Z] GET /assets/index-g5VsqKEm.css
[2025-11-23T20:17:13.939Z] GET /api/settings
[2025-11-23T20:17:14.195Z] GET /login
[2025-11-23T20:17:14.235Z] GET /assets/index-f-NWR_Aw.js
[2025-11-23T20:17:14.236Z] GET /assets/index-g5VsqKEm.css
[2025-11-23T20:17:15.175Z] GET /api/settings
[2025-11-23T20:17:15.450Z] GET /login
[2025-11-23T20:17:15.491Z] GET /assets/index-f-NWR_Aw.js
[2025-11-23T20:17:15.492Z] GET /assets/index-g5VsqKEm.css
[2025-11-23T20:17:16.556Z] GET /api/settings
[2025-11-23T20:17:16.897Z] GET /login
[2025-11-23T20:17:16.937Z] GET /assets/index-f-NWR_Aw.js
[2025-11-23T20:17:16.938Z] GET /assets/index-g5VsqKEm.css
[2025-11-23T20:17:18.044Z] GET /api/settings
[2025-11-23T20:17:18.079Z] GET /login
[2025-11-23T20:17:18.338Z] GET /assets/index-g5VsqKEm.css
[2025-11-23T20:17:18.338Z] GET /assets/index-f-NWR_Aw.js
[2025-11-23T20:17:19.475Z] GET /api/settings
[2025-11-23T20:17:19.511Z] GET /login
[2025-11-23T20:17:19.791Z] GET /assets/index-f-NWR_Aw.js
[2025-11-23T20:17:19.792Z] GET /assets/index-g5VsqKEm.css
[2025-11-23T20:17:20.995Z] GET /api/settings
[2025-11-23T20:17:21.030Z] GET /login
[2025-11-23T20:17:21.314Z] GET /assets/index-f-NWR_Aw.js
[2025-11-23T20:17:21.315Z] GET /assets/index-g5VsqKEm.css
[2025-11-23T20:17:22.740Z] GET /api/settings
[2025-11-23T20:17:23.066Z] GET /login
[2025-11-23T20:17:23.093Z] GET /assets/index-f-NWR_Aw.js
[2025-11-23T20:17:23.094Z] GET /assets/index-g5VsqKEm.css
[2025-11-23T20:17:24.542Z] GET /api/settings
[2025-11-23T20:17:24.590Z] GET /login
[2025-11-23T20:17:24.851Z] GET /assets/index-f-NWR_Aw.js
[2025-11-23T20:17:24.853Z] GET /assets/index-g5VsqKEm.css
[2025-11-23T20:17:26.486Z] GET /api/settings
[2025-11-23T20:17:26.840Z] GET /login
[2025-11-23T20:17:26.887Z] GET /assets/index-f-NWR_Aw.js
[2025-11-23T20:17:26.887Z] GET /assets/index-g5VsqKEm.css
[2025-11-23T20:17:28.263Z] GET /api/settings
[2025-11-23T20:17:28.597Z] GET /login
[2025-11-23T20:17:28.659Z] GET /assets/index-f-NWR_Aw.js
[2025-11-23T20:17:28.660Z] GET /assets/index-g5VsqKEm.css
[2025-11-23T20:17:30.122Z] GET /api/settings
[2025-11-23T20:17:30.402Z] GET /login
[2025-11-23T20:17:30.426Z] GET /assets/index-f-NWR_Aw.js
[2025-11-23T20:17:30.426Z] GET /assets/index-g5VsqKEm.css
[2025-11-23T20:17:31.945Z] GET /api/settings
[2025-11-23T20:17:31.994Z] GET /login
[2025-11-23T20:17:32.300Z] GET /assets/index-f-NWR_Aw.js
[2025-11-23T20:17:32.302Z] GET /assets/index-g5VsqKEm.css
[2025-11-23T20:17:34.184Z] GET /api/settings
[2025-11-23T20:17:34.595Z] GET /login
[2025-11-23T20:17:34.623Z] GET /assets/index-g5VsqKEm.css
[2025-11-23T20:17:34.624Z] GET /assets/index-f-NWR_Aw.js
[2025-11-23T20:17:36.166Z] GET /api/settings
[2025-11-23T20:17:36.544Z] GET /login
[2025-11-23T20:17:36.563Z] GET /assets/index-f-NWR_Aw.js
[2025-11-23T20:17:36.564Z] GET /assets/index-g5VsqKEm.css
[2025-11-23T20:17:38.247Z] GET /api/settings
[2025-11-23T20:17:38.290Z] GET /login
[2025-11-23T20:17:38.643Z] GET /assets/index-f-NWR_Aw.js
[2025-11-23T20:17:38.644Z] GET /assets/index-g5VsqKEm.css
[2025-11-23T20:17:40.327Z] GET /api/settings
[2025-11-23T20:17:40.882Z] GET /login
[2025-11-23T20:17:40.909Z] GET /assets/index-f-NWR_Aw.js
[2025-11-23T20:17:40.909Z] GET /assets/index-g5VsqKEm.css
[2025-11-23T20:17:43.158Z] GET /api/settings
[2025-11-23T20:17:43.796Z] GET /login
[2025-11-23T20:17:43.859Z] GET /assets/index-f-NWR_Aw.js
[2025-11-23T20:17:43.860Z] GET /assets/index-g5VsqKEm.css
[2025-11-23T20:17:45.997Z] GET /api/settings
[2025-11-23T20:17:46.041Z] GET /login
[2025-11-23T20:17:46.549Z] GET /assets/index-f-NWR_Aw.js
[2025-11-23T20:17:46.550Z] GET /assets/index-g5VsqKEm.css
[2025-11-23T20:17:49.471Z] GET /api/settings
[2025-11-23T20:17:50.057Z] GET /login
[2025-11-23T20:17:50.125Z] GET /assets/index-f-NWR_Aw.js
[2025-11-23T20:17:50.126Z] GET /assets/index-g5VsqKEm.css
[2025-11-23T20:17:52.797Z] GET /api/settings
[2025-11-23T20:17:52.852Z] GET /login
[2025-11-23T20:17:56.446Z] GET /favicon.ico
[2025-11-23T20:18:08.454Z] GET /login
[2025-11-23T20:18:08.474Z] GET /assets/index-B_lXLfK2.js
[2025-11-23T20:18:08.475Z] GET /assets/index-g5VsqKEm.css
[2025-11-23T20:18:08.537Z] GET /api/settings
[2025-11-23T20:18:08.602Z] GET /vite.svg
[2025-11-23T20:18:37.590Z] POST /api/auth/register
[2025-11-23T20:18:38.330Z] GET /api/clients
[2025-11-23T20:18:38.641Z] GET /api/itineraries?limit=5
[2025-11-23T20:18:38.642Z] GET /api/clients/stats
[2025-11-23T20:18:38.643Z] GET /vite.svg
[2025-11-23T20:18:43.536Z] GET /vite.svg
[2025-11-23T20:18:43.537Z] GET /api/clients
[2025-11-23T20:18:43.538Z] GET /api/clients/stats
[2025-11-23T20:18:50.574Z] POST /api/clients
[2025-11-23T20:18:52.351Z] GET /api/clients
[2025-11-23T20:18:52.352Z] GET /api/clients/stats
[2025-11-23T20:18:57.087Z] GET /vite.svg
[2025-11-23T20:18:57.088Z] GET /api/itineraries
[2025-11-23T20:18:59.744Z] GET /api/clients
[2025-11-23T20:19:10.953Z] POST /api/itineraries/generate
[2025-11-23T20:26:19.040Z] GET /api/leads
[2025-11-23T20:26:20.167Z] GET /api/itineraries
[2025-11-23T20:26:20.473Z] GET /api/settings
[2025-11-23T20:26:50.970Z] GET /api/leads
[2025-11-23T20:26:54.798Z] GET /api/settings
[2025-11-23T20:26:54.996Z] GET /api/itineraries
[2025-11-23T20:26:57.518Z] GET /api/clients
[2025-11-23T20:26:57.519Z] GET /api/clients/stats
[2025-11-23T20:27:05.316Z] GET /api/settings
[2025-11-23T20:27:05.318Z] GET /api/itineraries
[2025-11-23T20:27:08.225Z] GET /api/clients
[2025-11-23T20:27:22.182Z] POST /api/itineraries/generate
[2025-11-23T20:27:44.439Z] GET /api/clients
[2025-11-23T20:27:44.440Z] GET /api/clients/stats
[2025-11-23T20:27:46.817Z] GET /api/settings
[2025-11-23T20:27:46.819Z] GET /api/itineraries
[2025-11-23T20:29:35.144Z] GET /itineraries
[2025-11-23T20:29:35.168Z] GET /assets/index-lhkhDyw9.js
[2025-11-23T20:29:35.170Z] GET /assets/index-BL8PXPIJ.css
[2025-11-23T20:29:35.230Z] GET /api/settings
[2025-11-23T20:29:35.231Z] GET /api/auth/me
[2025-11-23T20:29:35.980Z] GET /api/itineraries
[2025-11-23T20:29:35.988Z] GET /vite.svg
[2025-11-23T20:29:36.247Z] GET /api/settings
[2025-11-23T20:29:38.881Z] GET /api/clients
[2025-11-23T20:29:43.206Z] GET /itineraries
[2025-11-23T20:29:43.229Z] GET /assets/index-BL8PXPIJ.css
[2025-11-23T20:29:43.230Z] GET /assets/index-lhkhDyw9.js
[2025-11-23T20:29:43.383Z] GET /api/settings
[2025-11-23T20:29:43.385Z] GET /api/auth/me
[2025-11-23T20:29:43.612Z] GET /vite.svg
[2025-11-23T20:29:43.628Z] GET /api/itineraries
[2025-11-23T20:29:43.874Z] GET /api/settings
[2025-11-23T20:29:49.138Z] GET /api/clients
[2025-11-23T20:29:49.139Z] GET /api/itineraries?limit=5
[2025-11-23T20:29:49.140Z] GET /api/clients/stats
[2025-11-23T20:29:58.376Z] GET /vite.svg
[2025-11-23T20:29:58.379Z] GET /api/settings
[2025-11-23T20:30:07.972Z] GET /api/clients
[2025-11-23T20:30:07.973Z] GET /api/itineraries?limit=5
[2025-11-23T20:30:08.277Z] GET /api/clients/stats
[2025-11-23T20:30:15.099Z] GET /api/invoices
[2025-11-23T20:30:15.340Z] GET /api/clients
[2025-11-23T20:30:18.572Z] GET /api/clients
[2025-11-23T20:30:18.573Z] GET /api/clients/stats
[2025-11-23T20:30:22.347Z] GET /api/settings
[2025-11-23T20:30:22.348Z] GET /api/itineraries
[2025-11-23T20:30:26.368Z] GET /api/clients
[2025-11-23T20:30:31.126Z] GET /api/clients
[2025-11-23T20:30:31.372Z] GET /api/clients/stats
[2025-11-23T20:30:59.091Z] POST /api/clients
[2025-11-23T20:31:00.789Z] GET /api/clients
[2025-11-23T20:31:00.998Z] GET /api/clients/stats
[2025-11-23T20:31:07.198Z] GET /api/settings
[2025-11-23T20:31:07.199Z] GET /api/itineraries
[2025-11-23T20:31:09.609Z] GET /api/clients
[2025-11-23T20:31:21.521Z] POST /api/itineraries/generate
[2025-11-23T20:31:45.500Z] GET /itineraries
[2025-11-23T20:31:45.519Z] GET /assets/index-lhkhDyw9.js
[2025-11-23T20:31:45.525Z] GET /assets/index-BL8PXPIJ.css
[2025-11-23T20:31:45.561Z] GET /api/settings
[2025-11-23T20:31:45.739Z] GET /api/auth/me
[2025-11-23T20:31:45.802Z] GET /vite.svg
[2025-11-23T20:31:45.868Z] GET /api/itineraries
[2025-11-23T20:31:46.132Z] GET /api/settings
